<?xml version="1.0" encoding="UTF-8"?>
<!-- Generated by org.testng.reporters.JUnitReportReporter -->
<testsuite hostname="LAPTOP-KT0DL86G" failures="0" tests="1" name="automation.testcases.LoginVishwa" time="6.868" errors="0" timestamp="2022-07-07T10:40:42 IST" skipped="0">
  <testcase classname="automation.testcases.LoginVishwa" name="landingPage" time="6.868"/>
  <system-out/>
</testsuite> <!-- automation.testcases.LoginVishwa -->
